2020-07-12 20:39:05,749 - train - INFO - Bayes_CNN(
  (conv): ModuleList(
    (0): BayesConv1D_Normalq()
  )
  (fc): BayesLinear_Normalq()
  (pool): MaxPool1d(kernel_size=2, stride=1, padding=0, dilation=1, ceil_mode=False)
  (act): ReLU(inplace=True)
)
Trainable parameters: 398348
2020-07-12 20:41:27,106 - trainer - INFO -     epoch          : 1
2020-07-12 20:41:27,107 - trainer - INFO -     loss           : 13980.658533653846
2020-07-12 20:41:27,107 - trainer - INFO -     kl_cost        : 13423.526787860577
2020-07-12 20:41:27,107 - trainer - INFO -     pred_cost      : 557.1317549485427
2020-07-12 20:41:27,107 - trainer - INFO -     accuracy       : 0.5931343210361067
2020-07-12 20:41:27,107 - trainer - INFO -     precision      : 0.595386679896717
2020-07-12 20:41:27,107 - trainer - INFO -     recall         : 0.5714062905931638
2020-07-12 20:41:27,108 - trainer - INFO -     f1             : 0.5371092170738613
2020-07-12 20:41:27,108 - trainer - INFO -     val_loss       : 107749.11631944444
2020-07-12 20:41:27,108 - trainer - INFO -     val_kl_cost    : 107371.86371527778
2020-07-12 20:41:27,108 - trainer - INFO -     val_pred_cost  : 377.25244500901965
2020-07-12 20:41:27,108 - trainer - INFO -     val_accuracy   : 0.6578124999999999
2020-07-12 20:41:27,108 - trainer - INFO -     val_precision  : 0.6703157592241946
2020-07-12 20:41:27,108 - trainer - INFO -     val_recall     : 0.6476963418810636
2020-07-12 20:41:27,108 - trainer - INFO -     val_f1         : 0.6248997617624463
2020-07-12 20:43:48,389 - trainer - INFO -     epoch          : 2
2020-07-12 20:43:48,389 - trainer - INFO -     loss           : 13730.835712139424
2020-07-12 20:43:48,390 - trainer - INFO -     kl_cost        : 13385.236117788461
2020-07-12 20:43:48,390 - trainer - INFO -     pred_cost      : 345.59966712364786
2020-07-12 20:43:48,390 - trainer - INFO -     accuracy       : 0.7428473312401884
2020-07-12 20:43:48,390 - trainer - INFO -     precision      : 0.7631843872648213
2020-07-12 20:43:48,390 - trainer - INFO -     recall         : 0.7274288142446829
2020-07-12 20:43:48,390 - trainer - INFO -     f1             : 0.7158663578935921
2020-07-12 20:43:48,391 - trainer - INFO -     val_loss       : 107280.80555555556
2020-07-12 20:43:48,391 - trainer - INFO -     val_kl_cost    : 107013.60590277778
2020-07-12 20:43:48,391 - trainer - INFO -     val_pred_cost  : 267.20121002197266
2020-07-12 20:43:48,391 - trainer - INFO -     val_accuracy   : 0.7960069444444444
2020-07-12 20:43:48,391 - trainer - INFO -     val_precision  : 0.8233088241452223
2020-07-12 20:43:48,391 - trainer - INFO -     val_recall     : 0.7935993008424247
2020-07-12 20:43:48,391 - trainer - INFO -     val_f1         : 0.7838165153384113
2020-07-12 20:46:15,790 - trainer - INFO -     epoch          : 3
2020-07-12 20:46:15,790 - trainer - INFO -     loss           : 13583.9736328125
2020-07-12 20:46:15,790 - trainer - INFO -     kl_cost        : 13336.8193359375
2020-07-12 20:46:15,790 - trainer - INFO -     pred_cost      : 247.15431295541617
2020-07-12 20:46:15,790 - trainer - INFO -     accuracy       : 0.8209453492935636
2020-07-12 20:46:15,792 - trainer - INFO -     precision      : 0.825211601249172
2020-07-12 20:46:15,792 - trainer - INFO -     recall         : 0.8134500290510428
2020-07-12 20:46:15,792 - trainer - INFO -     f1             : 0.8084068990774113
2020-07-12 20:46:15,792 - trainer - INFO -     val_loss       : 106796.75868055556
2020-07-12 20:46:15,792 - trainer - INFO -     val_kl_cost    : 106596.23611111111
2020-07-12 20:46:15,792 - trainer - INFO -     val_pred_cost  : 200.52254002624088
2020-07-12 20:46:15,792 - trainer - INFO -     val_accuracy   : 0.8567708333333334
2020-07-12 20:46:15,792 - trainer - INFO -     val_precision  : 0.864911551027335
2020-07-12 20:46:15,792 - trainer - INFO -     val_recall     : 0.8536355152817883
2020-07-12 20:46:15,793 - trainer - INFO -     val_f1         : 0.8533532775262312
2020-07-12 20:48:42,658 - trainer - INFO -     epoch          : 4
2020-07-12 20:48:42,658 - trainer - INFO -     loss           : 13460.091541466347
2020-07-12 20:48:42,659 - trainer - INFO -     kl_cost        : 13281.269861778846
2020-07-12 20:48:42,659 - trainer - INFO -     pred_cost      : 178.8217352940486
2020-07-12 20:48:42,659 - trainer - INFO -     accuracy       : 0.8690369897959184
2020-07-12 20:48:42,659 - trainer - INFO -     precision      : 0.8738515773328536
2020-07-12 20:48:42,659 - trainer - INFO -     recall         : 0.8672135286305543
2020-07-12 20:48:42,659 - trainer - INFO -     f1             : 0.861972600889504
2020-07-12 20:48:42,660 - trainer - INFO -     val_loss       : 106276.20052083333
2020-07-12 20:48:42,660 - trainer - INFO -     val_kl_cost    : 106127.72916666667
2020-07-12 20:48:42,660 - trainer - INFO -     val_pred_cost  : 148.47157287597656
2020-07-12 20:48:42,660 - trainer - INFO -     val_accuracy   : 0.8435763888888889
2020-07-12 20:48:42,660 - trainer - INFO -     val_precision  : 0.8212669115454247
2020-07-12 20:48:42,661 - trainer - INFO -     val_recall     : 0.8227854412218054
2020-07-12 20:48:42,661 - trainer - INFO -     val_f1         : 0.8160588164128646
2020-07-12 20:51:00,671 - trainer - INFO -     epoch          : 5
2020-07-12 20:51:00,672 - trainer - INFO -     loss           : 13360.373783052884
2020-07-12 20:51:00,672 - trainer - INFO -     kl_cost        : 13220.604927884615
2020-07-12 20:51:00,672 - trainer - INFO -     pred_cost      : 139.76880551851713
2020-07-12 20:51:00,672 - trainer - INFO -     accuracy       : 0.8948513540031398
2020-07-12 20:51:00,673 - trainer - INFO -     precision      : 0.8979973457372894
2020-07-12 20:51:00,673 - trainer - INFO -     recall         : 0.8943043009571687
2020-07-12 20:51:00,673 - trainer - INFO -     f1             : 0.8908483578549695
2020-07-12 20:51:00,673 - trainer - INFO -     val_loss       : 105734.21180555556
2020-07-12 20:51:00,673 - trainer - INFO -     val_kl_cost    : 105613.26041666667
2020-07-12 20:51:00,673 - trainer - INFO -     val_pred_cost  : 120.95186583201091
2020-07-12 20:51:00,673 - trainer - INFO -     val_accuracy   : 0.8967013888888888
2020-07-12 20:51:00,673 - trainer - INFO -     val_precision  : 0.903532183598049
2020-07-12 20:51:00,673 - trainer - INFO -     val_recall     : 0.9049242307259662
2020-07-12 20:51:00,673 - trainer - INFO -     val_f1         : 0.8986880116765652
2020-07-12 20:53:08,416 - trainer - INFO -     epoch          : 6
2020-07-12 20:53:08,416 - trainer - INFO -     loss           : 13279.534359975962
2020-07-12 20:53:08,417 - trainer - INFO -     kl_cost        : 13155.3556640625
2020-07-12 20:53:08,417 - trainer - INFO -     pred_cost      : 124.1786756662222
2020-07-12 20:53:08,417 - trainer - INFO -     accuracy       : 0.9062696232339089
2020-07-12 20:53:08,417 - trainer - INFO -     precision      : 0.9104489183239649
2020-07-12 20:53:08,417 - trainer - INFO -     recall         : 0.9067420727072868
2020-07-12 20:53:08,417 - trainer - INFO -     f1             : 0.9035121815788857
2020-07-12 20:53:08,417 - trainer - INFO -     val_loss       : 105184.88715277778
2020-07-12 20:53:08,417 - trainer - INFO -     val_kl_cost    : 105082.28385416667
2020-07-12 20:53:08,418 - trainer - INFO -     val_pred_cost  : 102.60416716999478
2020-07-12 20:53:08,418 - trainer - INFO -     val_accuracy   : 0.9036458333333334
2020-07-12 20:53:08,418 - trainer - INFO -     val_precision  : 0.9136150161365083
2020-07-12 20:53:08,418 - trainer - INFO -     val_recall     : 0.9109727326391189
2020-07-12 20:53:08,418 - trainer - INFO -     val_f1         : 0.9077106853738375
2020-07-12 20:55:01,889 - trainer - INFO -     epoch          : 7
2020-07-12 20:55:01,889 - trainer - INFO -     loss           : 13187.384930889422
2020-07-12 20:55:01,890 - trainer - INFO -     kl_cost        : 13087.714858774038
2020-07-12 20:55:01,890 - trainer - INFO -     pred_cost      : 99.67001034663274
2020-07-12 20:55:01,890 - trainer - INFO -     accuracy       : 0.9146094976452119
2020-07-12 20:55:01,890 - trainer - INFO -     precision      : 0.9193012808471214
2020-07-12 20:55:01,890 - trainer - INFO -     recall         : 0.9165120833442808
2020-07-12 20:55:01,890 - trainer - INFO -     f1             : 0.9137482292599433
2020-07-12 20:55:01,891 - trainer - INFO -     val_loss       : 104621.52083333333
2020-07-12 20:55:01,891 - trainer - INFO -     val_kl_cost    : 104528.26302083333
2020-07-12 20:55:01,891 - trainer - INFO -     val_pred_cost  : 93.25810877482097
2020-07-12 20:55:01,891 - trainer - INFO -     val_accuracy   : 0.8927083333333334
2020-07-12 20:55:01,891 - trainer - INFO -     val_precision  : 0.901393284632656
2020-07-12 20:55:01,891 - trainer - INFO -     val_recall     : 0.9093904411527602
2020-07-12 20:55:01,891 - trainer - INFO -     val_f1         : 0.8990749272523969
2020-07-12 20:56:51,246 - trainer - INFO -     epoch          : 8
2020-07-12 20:56:51,246 - trainer - INFO -     loss           : 13104.015009014423
2020-07-12 20:56:51,247 - trainer - INFO -     kl_cost        : 13016.72421875
2020-07-12 20:56:51,247 - trainer - INFO -     pred_cost      : 87.29083108168382
2020-07-12 20:56:51,247 - trainer - INFO -     accuracy       : 0.9194441718995291
2020-07-12 20:56:51,247 - trainer - INFO -     precision      : 0.9245449090892798
2020-07-12 20:56:51,247 - trainer - INFO -     recall         : 0.9202571944307397
2020-07-12 20:56:51,247 - trainer - INFO -     f1             : 0.9185421099399431
2020-07-12 20:56:51,247 - trainer - INFO -     val_loss       : 104035.48697916667
2020-07-12 20:56:51,247 - trainer - INFO -     val_kl_cost    : 103952.33246527778
2020-07-12 20:56:51,247 - trainer - INFO -     val_pred_cost  : 83.15411164694362
2020-07-12 20:56:51,247 - trainer - INFO -     val_accuracy   : 0.9244791666666666
2020-07-12 20:56:51,248 - trainer - INFO -     val_precision  : 0.9315838006160777
2020-07-12 20:56:51,248 - trainer - INFO -     val_recall     : 0.9274483089615005
2020-07-12 20:56:51,248 - trainer - INFO -     val_f1         : 0.925804240801745
2020-07-12 20:58:43,420 - trainer - INFO -     epoch          : 9
2020-07-12 20:58:43,420 - trainer - INFO -     loss           : 13021.895943509615
2020-07-12 20:58:43,420 - trainer - INFO -     kl_cost        : 12942.796304086538
2020-07-12 20:58:43,420 - trainer - INFO -     pred_cost      : 79.09961750323956
2020-07-12 20:58:43,420 - trainer - INFO -     accuracy       : 0.9252134026687598
2020-07-12 20:58:43,421 - trainer - INFO -     precision      : 0.9290719501617223
2020-07-12 20:58:43,421 - trainer - INFO -     recall         : 0.9262222042681436
2020-07-12 20:58:43,421 - trainer - INFO -     f1             : 0.9241294725055496
2020-07-12 20:58:43,421 - trainer - INFO -     val_loss       : 103426.59895833333
2020-07-12 20:58:43,421 - trainer - INFO -     val_kl_cost    : 103351.7578125
2020-07-12 20:58:43,421 - trainer - INFO -     val_pred_cost  : 74.841302924686
2020-07-12 20:58:43,421 - trainer - INFO -     val_accuracy   : 0.9210069444444444
2020-07-12 20:58:43,421 - trainer - INFO -     val_precision  : 0.9268721437102607
2020-07-12 20:58:43,421 - trainer - INFO -     val_recall     : 0.9267592049212171
2020-07-12 20:58:43,421 - trainer - INFO -     val_f1         : 0.9243902792108697
2020-07-12 21:00:34,348 - trainer - INFO -     epoch          : 10
2020-07-12 21:00:34,348 - trainer - INFO -     loss           : 12940.11551983173
2020-07-12 21:00:34,348 - trainer - INFO -     kl_cost        : 12866.76651141827
2020-07-12 21:00:34,348 - trainer - INFO -     pred_cost      : 73.34902493403509
2020-07-12 21:00:34,348 - trainer - INFO -     accuracy       : 0.9290325745682888
2020-07-12 21:00:34,348 - trainer - INFO -     precision      : 0.9335873656809935
2020-07-12 21:00:34,348 - trainer - INFO -     recall         : 0.9299269749957431
2020-07-12 21:00:34,348 - trainer - INFO -     f1             : 0.9286899807951953
2020-07-12 21:00:34,349 - trainer - INFO -     val_loss       : 102798.59027777778
2020-07-12 21:00:34,349 - trainer - INFO -     val_kl_cost    : 102725.515625
2020-07-12 21:00:34,349 - trainer - INFO -     val_pred_cost  : 73.07500186231401
2020-07-12 21:00:34,349 - trainer - INFO -     val_accuracy   : 0.9184027777777778
2020-07-12 21:00:34,349 - trainer - INFO -     val_precision  : 0.921486748504068
2020-07-12 21:00:34,349 - trainer - INFO -     val_recall     : 0.9242467098406636
2020-07-12 21:00:34,349 - trainer - INFO -     val_f1         : 0.9203084302300665
2020-07-12 21:02:24,375 - trainer - INFO -     epoch          : 11
2020-07-12 21:02:24,375 - trainer - INFO -     loss           : 12853.482001201923
2020-07-12 21:02:24,375 - trainer - INFO -     kl_cost        : 12788.449158653846
2020-07-12 21:02:24,375 - trainer - INFO -     pred_cost      : 65.03289008507362
2020-07-12 21:02:24,375 - trainer - INFO -     accuracy       : 0.9297537284144427
2020-07-12 21:02:24,375 - trainer - INFO -     precision      : 0.9329307327076354
2020-07-12 21:02:24,375 - trainer - INFO -     recall         : 0.9324787364452548
2020-07-12 21:02:24,376 - trainer - INFO -     f1             : 0.9302351336213586
2020-07-12 21:02:24,376 - trainer - INFO -     val_loss       : 102166.84722222222
2020-07-12 21:02:24,376 - trainer - INFO -     val_kl_cost    : 102099.41927083333
2020-07-12 21:02:24,376 - trainer - INFO -     val_pred_cost  : 67.42908849318822
2020-07-12 21:02:24,376 - trainer - INFO -     val_accuracy   : 0.9357638888888888
2020-07-12 21:02:24,376 - trainer - INFO -     val_precision  : 0.9394185349677606
2020-07-12 21:02:24,376 - trainer - INFO -     val_recall     : 0.9386763573091366
2020-07-12 21:02:24,376 - trainer - INFO -     val_f1         : 0.9382074326697496
2020-07-12 21:04:15,001 - trainer - INFO -     epoch          : 12
2020-07-12 21:04:15,001 - trainer - INFO -     loss           : 12772.608563701922
2020-07-12 21:04:15,001 - trainer - INFO -     kl_cost        : 12709.047220552884
2020-07-12 21:04:15,001 - trainer - INFO -     pred_cost      : 63.561359581580525
2020-07-12 21:04:15,002 - trainer - INFO -     accuracy       : 0.9327585361067503
2020-07-12 21:04:15,002 - trainer - INFO -     precision      : 0.9365628788158077
2020-07-12 21:04:15,002 - trainer - INFO -     recall         : 0.936150046673126
2020-07-12 21:04:15,002 - trainer - INFO -     f1             : 0.9339191696895218
2020-07-12 21:04:15,002 - trainer - INFO -     val_loss       : 101519.77256944444
2020-07-12 21:04:15,002 - trainer - INFO -     val_kl_cost    : 101457.27690972222
2020-07-12 21:04:15,002 - trainer - INFO -     val_pred_cost  : 62.49510293536716
2020-07-12 21:04:15,002 - trainer - INFO -     val_accuracy   : 0.9270833333333334
2020-07-12 21:04:15,002 - trainer - INFO -     val_precision  : 0.9363329337524048
2020-07-12 21:04:15,003 - trainer - INFO -     val_recall     : 0.9331228828603025
2020-07-12 21:04:15,003 - trainer - INFO -     val_f1         : 0.9308754724507757
2020-07-12 21:06:05,421 - trainer - INFO -     epoch          : 13
2020-07-12 21:06:05,421 - trainer - INFO -     loss           : 12690.014302884616
2020-07-12 21:06:05,422 - trainer - INFO -     kl_cost        : 12628.858969350962
2020-07-12 21:06:05,422 - trainer - INFO -     pred_cost      : 61.1553283397968
2020-07-12 21:06:05,422 - trainer - INFO -     accuracy       : 0.9346816130298272
2020-07-12 21:06:05,422 - trainer - INFO -     precision      : 0.9407501837602389
2020-07-12 21:06:05,422 - trainer - INFO -     recall         : 0.9373152911387557
2020-07-12 21:06:05,422 - trainer - INFO -     f1             : 0.936231698839892
2020-07-12 21:06:05,422 - trainer - INFO -     val_loss       : 100875.89756944444
2020-07-12 21:06:05,422 - trainer - INFO -     val_kl_cost    : 100814.74392361111
2020-07-12 21:06:05,422 - trainer - INFO -     val_pred_cost  : 61.15410253736708
2020-07-12 21:06:05,422 - trainer - INFO -     val_accuracy   : 0.9161458333333334
2020-07-12 21:06:05,422 - trainer - INFO -     val_precision  : 0.9004976339794969
2020-07-12 21:06:05,423 - trainer - INFO -     val_recall     : 0.9171353168095477
2020-07-12 21:06:05,423 - trainer - INFO -     val_f1         : 0.9044780825112697
2020-07-12 21:07:55,542 - trainer - INFO -     epoch          : 14
2020-07-12 21:07:55,543 - trainer - INFO -     loss           : 12604.189963942308
2020-07-12 21:07:55,543 - trainer - INFO -     kl_cost        : 12547.834735576924
2020-07-12 21:07:55,543 - trainer - INFO -     pred_cost      : 56.35520251347469
2020-07-12 21:07:55,543 - trainer - INFO -     accuracy       : 0.9366316718995291
2020-07-12 21:07:55,543 - trainer - INFO -     precision      : 0.9402700114974578
2020-07-12 21:07:55,543 - trainer - INFO -     recall         : 0.9390612296226961
2020-07-12 21:07:55,543 - trainer - INFO -     f1             : 0.9374299148353672
2020-07-12 21:07:55,543 - trainer - INFO -     val_loss       : 100223.99565972222
2020-07-12 21:07:55,544 - trainer - INFO -     val_kl_cost    : 100162.92274305556
2020-07-12 21:07:55,544 - trainer - INFO -     val_pred_cost  : 61.07208057244619
2020-07-12 21:07:55,544 - trainer - INFO -     val_accuracy   : 0.9296875
2020-07-12 21:07:55,544 - trainer - INFO -     val_precision  : 0.9354973522266674
2020-07-12 21:07:55,544 - trainer - INFO -     val_recall     : 0.9338502127029257
2020-07-12 21:07:55,544 - trainer - INFO -     val_f1         : 0.932882377022119
2020-07-12 21:09:44,199 - trainer - INFO -     epoch          : 15
2020-07-12 21:09:44,199 - trainer - INFO -     loss           : 12518.636959134616
2020-07-12 21:09:44,199 - trainer - INFO -     kl_cost        : 12466.031325120191
2020-07-12 21:09:44,199 - trainer - INFO -     pred_cost      : 52.6056788958036
2020-07-12 21:09:44,199 - trainer - INFO -     accuracy       : 0.9397493131868131
2020-07-12 21:09:44,199 - trainer - INFO -     precision      : 0.9438261524300076
2020-07-12 21:09:44,199 - trainer - INFO -     recall         : 0.942202115204813
2020-07-12 21:09:44,200 - trainer - INFO -     f1             : 0.9408817543611918
2020-07-12 21:09:44,200 - trainer - INFO -     val_loss       : 99567.09288194444
2020-07-12 21:09:44,200 - trainer - INFO -     val_kl_cost    : 99506.40451388889
2020-07-12 21:09:44,200 - trainer - INFO -     val_pred_cost  : 60.68881631559796
2020-07-12 21:09:44,200 - trainer - INFO -     val_accuracy   : 0.9383680555555556
2020-07-12 21:09:44,200 - trainer - INFO -     val_precision  : 0.9443544406196962
2020-07-12 21:09:44,200 - trainer - INFO -     val_recall     : 0.9437682384690823
2020-07-12 21:09:44,200 - trainer - INFO -     val_f1         : 0.942999434246719
2020-07-12 21:11:32,817 - trainer - INFO -     epoch          : 16
2020-07-12 21:11:32,817 - trainer - INFO -     loss           : 12434.877493990385
2020-07-12 21:11:32,818 - trainer - INFO -     kl_cost        : 12383.666736778847
2020-07-12 21:11:32,818 - trainer - INFO -     pred_cost      : 51.21073828477126
2020-07-12 21:11:32,818 - trainer - INFO -     accuracy       : 0.9404238618524333
2020-07-12 21:11:32,818 - trainer - INFO -     precision      : 0.9447930594512582
2020-07-12 21:11:32,818 - trainer - INFO -     recall         : 0.9420611296958642
2020-07-12 21:11:32,818 - trainer - INFO -     f1             : 0.941062559178599
2020-07-12 21:11:32,818 - trainer - INFO -     val_loss       : 98892.19704861111
2020-07-12 21:11:32,818 - trainer - INFO -     val_kl_cost    : 98837.68663194444
2020-07-12 21:11:32,818 - trainer - INFO -     val_pred_cost  : 54.51120410362879
2020-07-12 21:11:32,819 - trainer - INFO -     val_accuracy   : 0.9383680555555556
2020-07-12 21:11:32,819 - trainer - INFO -     val_precision  : 0.9432416535176833
2020-07-12 21:11:32,819 - trainer - INFO -     val_recall     : 0.9447698737864568
2020-07-12 21:11:32,819 - trainer - INFO -     val_f1         : 0.9425696821800522
2020-07-12 21:13:21,868 - trainer - INFO -     epoch          : 17
2020-07-12 21:13:21,868 - trainer - INFO -     loss           : 12348.614573317307
2020-07-12 21:13:21,868 - trainer - INFO -     kl_cost        : 12300.254777644232
2020-07-12 21:13:21,868 - trainer - INFO -     pred_cost      : 48.359792914757364
2020-07-12 21:13:21,869 - trainer - INFO -     accuracy       : 0.9430484693877551
2020-07-12 21:13:21,869 - trainer - INFO -     precision      : 0.9474830670117419
2020-07-12 21:13:21,869 - trainer - INFO -     recall         : 0.9456496765183572
2020-07-12 21:13:21,869 - trainer - INFO -     f1             : 0.9450311036634825
2020-07-12 21:13:21,869 - trainer - INFO -     val_loss       : 98225.2578125
2020-07-12 21:13:21,869 - trainer - INFO -     val_kl_cost    : 98166.76649305556
2020-07-12 21:13:21,869 - trainer - INFO -     val_pred_cost  : 58.4912785159217
2020-07-12 21:13:21,869 - trainer - INFO -     val_accuracy   : 0.9213541666666667
2020-07-12 21:13:21,870 - trainer - INFO -     val_precision  : 0.9224287597308083
2020-07-12 21:13:21,870 - trainer - INFO -     val_recall     : 0.9107887499896989
2020-07-12 21:13:21,870 - trainer - INFO -     val_f1         : 0.9148634078985326
2020-07-12 21:15:11,496 - trainer - INFO -     epoch          : 18
2020-07-12 21:15:11,497 - trainer - INFO -     loss           : 12264.855603966345
2020-07-12 21:15:11,497 - trainer - INFO -     kl_cost        : 12216.144080528846
2020-07-12 21:15:11,497 - trainer - INFO -     pred_cost      : 48.711553426889274
2020-07-12 21:15:11,497 - trainer - INFO -     accuracy       : 0.942040325745683
2020-07-12 21:15:11,497 - trainer - INFO -     precision      : 0.9462427428895623
2020-07-12 21:15:11,498 - trainer - INFO -     recall         : 0.9450243920921455
2020-07-12 21:15:11,498 - trainer - INFO -     f1             : 0.9437227567398573
2020-07-12 21:15:11,498 - trainer - INFO -     val_loss       : 97551.63975694444
2020-07-12 21:15:11,498 - trainer - INFO -     val_kl_cost    : 97502.04340277778
2020-07-12 21:15:11,498 - trainer - INFO -     val_pred_cost  : 49.59734853108724
2020-07-12 21:15:11,498 - trainer - INFO -     val_accuracy   : 0.917013888888889
2020-07-12 21:15:11,498 - trainer - INFO -     val_precision  : 0.907704124424021
2020-07-12 21:15:11,498 - trainer - INFO -     val_recall     : 0.8876535952771667
2020-07-12 21:15:11,498 - trainer - INFO -     val_f1         : 0.8937466749766136
2020-07-12 21:17:01,281 - trainer - INFO -     epoch          : 19
2020-07-12 21:17:01,281 - trainer - INFO -     loss           : 12177.683323317307
2020-07-12 21:17:01,281 - trainer - INFO -     kl_cost        : 12131.845267427885
2020-07-12 21:17:01,281 - trainer - INFO -     pred_cost      : 45.83804792257456
2020-07-12 21:17:01,282 - trainer - INFO -     accuracy       : 0.943409046310832
2020-07-12 21:17:01,282 - trainer - INFO -     precision      : 0.9467918136451626
2020-07-12 21:17:01,282 - trainer - INFO -     recall         : 0.9458515250252875
2020-07-12 21:17:01,282 - trainer - INFO -     f1             : 0.9447345207797494
2020-07-12 21:17:01,282 - trainer - INFO -     val_loss       : 96869.65972222222
2020-07-12 21:17:01,282 - trainer - INFO -     val_kl_cost    : 96815.09114583333
2020-07-12 21:17:01,282 - trainer - INFO -     val_pred_cost  : 54.56936912549039
2020-07-12 21:17:01,282 - trainer - INFO -     val_accuracy   : 0.9427083333333334
2020-07-12 21:17:01,282 - trainer - INFO -     val_precision  : 0.9484860282212355
2020-07-12 21:17:01,282 - trainer - INFO -     val_recall     : 0.946233963527453
2020-07-12 21:17:01,283 - trainer - INFO -     val_f1         : 0.9466160187524356
2020-07-12 21:18:51,074 - trainer - INFO -     epoch          : 20
2020-07-12 21:18:51,074 - trainer - INFO -     loss           : 12093.485081129807
2020-07-12 21:18:51,075 - trainer - INFO -     kl_cost        : 12047.615414663462
2020-07-12 21:18:51,075 - trainer - INFO -     pred_cost      : 45.86969086573674
2020-07-12 21:18:51,075 - trainer - INFO -     accuracy       : 0.9428080847723704
2020-07-12 21:18:51,075 - trainer - INFO -     precision      : 0.945568033115856
2020-07-12 21:18:51,075 - trainer - INFO -     recall         : 0.9450075894983017
2020-07-12 21:18:51,075 - trainer - INFO -     f1             : 0.9436212588539521
2020-07-12 21:18:51,075 - trainer - INFO -     val_loss       : 96220.69097222222
2020-07-12 21:18:51,075 - trainer - INFO -     val_kl_cost    : 96149.31770833333
2020-07-12 21:18:51,076 - trainer - INFO -     val_pred_cost  : 71.37358289294772
2020-07-12 21:18:51,076 - trainer - INFO -     val_accuracy   : 0.9375
2020-07-12 21:18:51,076 - trainer - INFO -     val_precision  : 0.9426033016963457
2020-07-12 21:18:51,076 - trainer - INFO -     val_recall     : 0.9423304251442666
2020-07-12 21:18:51,076 - trainer - INFO -     val_f1         : 0.9407667956598549
2020-07-12 21:20:40,398 - trainer - INFO -     epoch          : 21
2020-07-12 21:20:40,398 - trainer - INFO -     loss           : 12009.132406850962
2020-07-12 21:20:40,398 - trainer - INFO -     kl_cost        : 11962.966000600962
2020-07-12 21:20:40,398 - trainer - INFO -     pred_cost      : 46.16642059913048
2020-07-12 21:20:40,399 - trainer - INFO -     accuracy       : 0.9485576923076923
2020-07-12 21:20:40,399 - trainer - INFO -     precision      : 0.9514343294409873
2020-07-12 21:20:40,399 - trainer - INFO -     recall         : 0.9509403369615529
2020-07-12 21:20:40,399 - trainer - INFO -     f1             : 0.9497667189404468
2020-07-12 21:20:40,399 - trainer - INFO -     val_loss       : 95520.38715277778
2020-07-12 21:20:40,399 - trainer - INFO -     val_kl_cost    : 95470.90190972222
2020-07-12 21:20:40,399 - trainer - INFO -     val_pred_cost  : 49.48604454431269
2020-07-12 21:20:40,399 - trainer - INFO -     val_accuracy   : 0.9435763888888888
2020-07-12 21:20:40,400 - trainer - INFO -     val_precision  : 0.9480809696157478
2020-07-12 21:20:40,400 - trainer - INFO -     val_recall     : 0.9484715465017497
2020-07-12 21:20:40,400 - trainer - INFO -     val_f1         : 0.9472594814061837
2020-07-12 21:22:29,024 - trainer - INFO -     epoch          : 22
2020-07-12 21:22:29,024 - trainer - INFO -     loss           : 11921.674188701923
2020-07-12 21:22:29,024 - trainer - INFO -     kl_cost        : 11879.696424278845
2020-07-12 21:22:29,024 - trainer - INFO -     pred_cost      : 41.977778860238885
2020-07-12 21:22:29,024 - trainer - INFO -     accuracy       : 0.9452119309262166
2020-07-12 21:22:29,024 - trainer - INFO -     precision      : 0.9493541294400109
2020-07-12 21:22:29,024 - trainer - INFO -     recall         : 0.948911241173333
2020-07-12 21:22:29,025 - trainer - INFO -     f1             : 0.9473342829647794
2020-07-12 21:22:29,025 - trainer - INFO -     val_loss       : 94850.26996527778
2020-07-12 21:22:29,025 - trainer - INFO -     val_kl_cost    : 94796.48958333333
2020-07-12 21:22:29,025 - trainer - INFO -     val_pred_cost  : 53.77978625562456
2020-07-12 21:22:29,025 - trainer - INFO -     val_accuracy   : 0.9392361111111112
2020-07-12 21:22:29,025 - trainer - INFO -     val_precision  : 0.9450308943981409
2020-07-12 21:22:29,025 - trainer - INFO -     val_recall     : 0.945091793014623
2020-07-12 21:22:29,025 - trainer - INFO -     val_f1         : 0.9434775533586252
2020-07-12 21:24:17,973 - trainer - INFO -     epoch          : 23
2020-07-12 21:24:17,973 - trainer - INFO -     loss           : 11836.597671274038
2020-07-12 21:24:17,973 - trainer - INFO -     kl_cost        : 11795.564963942308
2020-07-12 21:24:17,973 - trainer - INFO -     pred_cost      : 41.03272762298584
2020-07-12 21:24:17,973 - trainer - INFO -     accuracy       : 0.9461268642072214
2020-07-12 21:24:17,974 - trainer - INFO -     precision      : 0.9503249515366523
2020-07-12 21:24:17,974 - trainer - INFO -     recall         : 0.9488202855813346
2020-07-12 21:24:17,974 - trainer - INFO -     f1             : 0.9482378091490049
2020-07-12 21:24:17,974 - trainer - INFO -     val_loss       : 94197.31510416667
2020-07-12 21:24:17,974 - trainer - INFO -     val_kl_cost    : 94131.86371527778
2020-07-12 21:24:17,974 - trainer - INFO -     val_pred_cost  : 65.45019160376654
2020-07-12 21:24:17,974 - trainer - INFO -     val_accuracy   : 0.9418402777777778
2020-07-12 21:24:17,974 - trainer - INFO -     val_precision  : 0.9461123975125348
2020-07-12 21:24:17,975 - trainer - INFO -     val_recall     : 0.9461395844305288
2020-07-12 21:24:17,975 - trainer - INFO -     val_f1         : 0.9450741286351779
2020-07-12 21:26:07,509 - trainer - INFO -     epoch          : 24
2020-07-12 21:26:07,509 - trainer - INFO -     loss           : 11755.318569711539
2020-07-12 21:26:07,509 - trainer - INFO -     kl_cost        : 11711.70243389423
2020-07-12 21:26:07,509 - trainer - INFO -     pred_cost      : 43.61614648378812
2020-07-12 21:26:07,510 - trainer - INFO -     accuracy       : 0.9467548076923077
2020-07-12 21:26:07,510 - trainer - INFO -     precision      : 0.9509041064644084
2020-07-12 21:26:07,510 - trainer - INFO -     recall         : 0.9500018403622538
2020-07-12 21:26:07,510 - trainer - INFO -     f1             : 0.9490000618293915
2020-07-12 21:26:07,510 - trainer - INFO -     val_loss       : 93508.47569444444
2020-07-12 21:26:07,510 - trainer - INFO -     val_kl_cost    : 93460.07899305556
2020-07-12 21:26:07,510 - trainer - INFO -     val_pred_cost  : 48.397606955634224
2020-07-12 21:26:07,510 - trainer - INFO -     val_accuracy   : 0.9375
2020-07-12 21:26:07,510 - trainer - INFO -     val_precision  : 0.9420095031460305
2020-07-12 21:26:07,510 - trainer - INFO -     val_recall     : 0.9432747255273265
2020-07-12 21:26:07,510 - trainer - INFO -     val_f1         : 0.9414172810142536
2020-07-12 21:27:56,977 - trainer - INFO -     epoch          : 25
2020-07-12 21:27:56,978 - trainer - INFO -     loss           : 11666.74774639423
2020-07-12 21:27:56,978 - trainer - INFO -     kl_cost        : 11628.425345552885
2020-07-12 21:27:56,978 - trainer - INFO -     pred_cost      : 38.32243834275466
2020-07-12 21:27:56,978 - trainer - INFO -     accuracy       : 0.9473287872841445
2020-07-12 21:27:56,978 - trainer - INFO -     precision      : 0.9500223781373351
2020-07-12 21:27:56,978 - trainer - INFO -     recall         : 0.9495832603531996
2020-07-12 21:27:56,978 - trainer - INFO -     f1             : 0.9485754877967717
2020-07-12 21:27:56,978 - trainer - INFO -     val_loss       : 92833.66319444444
2020-07-12 21:27:56,979 - trainer - INFO -     val_kl_cost    : 92787.41666666667
2020-07-12 21:27:56,979 - trainer - INFO -     val_pred_cost  : 46.247179137335884
2020-07-12 21:27:56,979 - trainer - INFO -     val_accuracy   : 0.9418402777777778
2020-07-12 21:27:56,979 - trainer - INFO -     val_precision  : 0.9480108648914454
2020-07-12 21:27:56,979 - trainer - INFO -     val_recall     : 0.9482860788667611
2020-07-12 21:27:56,979 - trainer - INFO -     val_f1         : 0.9465581694084231
2020-07-12 21:29:47,411 - trainer - INFO -     epoch          : 26
2020-07-12 21:29:47,412 - trainer - INFO -     loss           : 11584.264197716346
2020-07-12 21:29:47,412 - trainer - INFO -     kl_cost        : 11545.06026141827
2020-07-12 21:29:47,412 - trainer - INFO -     pred_cost      : 39.20387940040001
2020-07-12 21:29:47,412 - trainer - INFO -     accuracy       : 0.9481701334379906
2020-07-12 21:29:47,413 - trainer - INFO -     precision      : 0.9516294847722011
2020-07-12 21:29:47,413 - trainer - INFO -     recall         : 0.9513756701284259
2020-07-12 21:29:47,413 - trainer - INFO -     f1             : 0.9505145906973406
2020-07-12 21:29:47,413 - trainer - INFO -     val_loss       : 92171.2578125
2020-07-12 21:29:47,413 - trainer - INFO -     val_kl_cost    : 92123.23524305556
2020-07-12 21:29:47,413 - trainer - INFO -     val_pred_cost  : 48.021540615293716
2020-07-12 21:29:47,413 - trainer - INFO -     val_accuracy   : 0.9461805555555556
2020-07-12 21:29:47,413 - trainer - INFO -     val_precision  : 0.9516797646796376
2020-07-12 21:29:47,413 - trainer - INFO -     val_recall     : 0.9506651362120849
2020-07-12 21:29:47,413 - trainer - INFO -     val_f1         : 0.9505972223064071
2020-07-12 21:31:37,096 - trainer - INFO -     epoch          : 27
2020-07-12 21:31:37,096 - trainer - INFO -     loss           : 11500.97176983173
2020-07-12 21:31:37,096 - trainer - INFO -     kl_cost        : 11461.33858173077
2020-07-12 21:31:37,096 - trainer - INFO -     pred_cost      : 39.63317219660832
2020-07-12 21:31:37,096 - trainer - INFO -     accuracy       : 0.9482633437990581
2020-07-12 21:31:37,097 - trainer - INFO -     precision      : 0.951830165183958
2020-07-12 21:31:37,097 - trainer - INFO -     recall         : 0.9507475031380579
2020-07-12 21:31:37,097 - trainer - INFO -     f1             : 0.9499785849163336
2020-07-12 21:31:37,097 - trainer - INFO -     val_loss       : 91529.07291666667
2020-07-12 21:31:37,097 - trainer - INFO -     val_kl_cost    : 91469.07291666667
2020-07-12 21:31:37,097 - trainer - INFO -     val_pred_cost  : 60.000371393230225
2020-07-12 21:31:37,097 - trainer - INFO -     val_accuracy   : 0.9418402777777778
2020-07-12 21:31:37,097 - trainer - INFO -     val_precision  : 0.9478066204929897
2020-07-12 21:31:37,097 - trainer - INFO -     val_recall     : 0.9468144380451137
2020-07-12 21:31:37,097 - trainer - INFO -     val_f1         : 0.9453375228759049
2020-07-12 21:33:28,678 - trainer - INFO -     epoch          : 28
2020-07-12 21:33:28,679 - trainer - INFO -     loss           : 11419.802238581731
2020-07-12 21:33:28,679 - trainer - INFO -     kl_cost        : 11378.854672475962
2020-07-12 21:33:28,680 - trainer - INFO -     pred_cost      : 40.947595684344954
2020-07-12 21:33:28,680 - trainer - INFO -     accuracy       : 0.948243720565149
2020-07-12 21:33:28,680 - trainer - INFO -     precision      : 0.9519187241481737
2020-07-12 21:33:28,680 - trainer - INFO -     recall         : 0.9512846049285624
2020-07-12 21:33:28,680 - trainer - INFO -     f1             : 0.9501629009655664
2020-07-12 21:33:28,680 - trainer - INFO -     val_loss       : 90846.28993055556
2020-07-12 21:33:28,681 - trainer - INFO -     val_kl_cost    : 90795.82638888889
2020-07-12 21:33:28,681 - trainer - INFO -     val_pred_cost  : 50.46370079782274
2020-07-12 21:33:28,681 - trainer - INFO -     val_accuracy   : 0.9418402777777778
2020-07-12 21:33:28,681 - trainer - INFO -     val_precision  : 0.9480721697023241
2020-07-12 21:33:28,681 - trainer - INFO -     val_recall     : 0.947371887084349
2020-07-12 21:33:28,681 - trainer - INFO -     val_f1         : 0.9468028738026493
2020-07-12 21:35:18,433 - trainer - INFO -     epoch          : 29
2020-07-12 21:35:18,434 - trainer - INFO -     loss           : 11334.165519831731
2020-07-12 21:35:18,434 - trainer - INFO -     kl_cost        : 11296.900285456732
2020-07-12 21:35:18,434 - trainer - INFO -     pred_cost      : 37.26521245516263
2020-07-12 21:35:18,434 - trainer - INFO -     accuracy       : 0.9495388540031398
2020-07-12 21:35:18,434 - trainer - INFO -     precision      : 0.9529699837614004
2020-07-12 21:35:18,434 - trainer - INFO -     recall         : 0.9517102256955502
2020-07-12 21:35:18,434 - trainer - INFO -     f1             : 0.9512847814523759
2020-07-12 21:35:18,435 - trainer - INFO -     val_loss       : 90184.59288194444
2020-07-12 21:35:18,435 - trainer - INFO -     val_kl_cost    : 90136.40972222222
2020-07-12 21:35:18,435 - trainer - INFO -     val_pred_cost  : 48.1835632191764
2020-07-12 21:35:18,435 - trainer - INFO -     val_accuracy   : 0.9479166666666666
2020-07-12 21:35:18,435 - trainer - INFO -     val_precision  : 0.9541994858972408
2020-07-12 21:35:18,435 - trainer - INFO -     val_recall     : 0.9531420497276994
2020-07-12 21:35:18,435 - trainer - INFO -     val_f1         : 0.9531866921817844
2020-07-12 21:37:07,966 - trainer - INFO -     epoch          : 30
2020-07-12 21:37:07,967 - trainer - INFO -     loss           : 11251.497581129808
2020-07-12 21:37:07,967 - trainer - INFO -     kl_cost        : 11214.149368990385
2020-07-12 21:37:07,967 - trainer - INFO -     pred_cost      : 37.348269506601184
2020-07-12 21:37:07,967 - trainer - INFO -     accuracy       : 0.9468014128728414
2020-07-12 21:37:07,967 - trainer - INFO -     precision      : 0.9503648292101462
2020-07-12 21:37:07,968 - trainer - INFO -     recall         : 0.9499650728667162
2020-07-12 21:37:07,968 - trainer - INFO -     f1             : 0.9485545820858713
2020-07-12 21:37:07,968 - trainer - INFO -     val_loss       : 89525.77083333333
2020-07-12 21:37:07,968 - trainer - INFO -     val_kl_cost    : 89477.234375
2020-07-12 21:37:07,968 - trainer - INFO -     val_pred_cost  : 48.535951667361786
2020-07-12 21:37:07,968 - trainer - INFO -     val_accuracy   : 0.9418402777777778
2020-07-12 21:37:07,968 - trainer - INFO -     val_precision  : 0.9473838744236025
2020-07-12 21:37:07,968 - trainer - INFO -     val_recall     : 0.9465446509117085
2020-07-12 21:37:07,968 - trainer - INFO -     val_f1         : 0.944822700836234
2020-07-12 21:38:59,229 - trainer - INFO -     epoch          : 31
2020-07-12 21:38:59,229 - trainer - INFO -     loss           : 11170.399864783654
2020-07-12 21:38:59,230 - trainer - INFO -     kl_cost        : 11132.156685697115
2020-07-12 21:38:59,230 - trainer - INFO -     pred_cost      : 38.243155948932355
2020-07-12 21:38:59,230 - trainer - INFO -     accuracy       : 0.9496860282574567
2020-07-12 21:38:59,230 - trainer - INFO -     precision      : 0.9536070999798125
2020-07-12 21:38:59,230 - trainer - INFO -     recall         : 0.9526088029130884
2020-07-12 21:38:59,230 - trainer - INFO -     f1             : 0.9519421377696432
2020-07-12 21:38:59,230 - trainer - INFO -     val_loss       : 88889.10590277778
2020-07-12 21:38:59,230 - trainer - INFO -     val_kl_cost    : 88828.80555555556
2020-07-12 21:38:59,230 - trainer - INFO -     val_pred_cost  : 60.30057350794474
2020-07-12 21:38:59,231 - trainer - INFO -     val_accuracy   : 0.9444444444444444
2020-07-12 21:38:59,231 - trainer - INFO -     val_precision  : 0.9483166519024281
2020-07-12 21:38:59,231 - trainer - INFO -     val_recall     : 0.9474160974982271
2020-07-12 21:38:59,231 - trainer - INFO -     val_f1         : 0.9470664383088779
2020-07-12 21:40:55,914 - trainer - INFO -     epoch          : 32
2020-07-12 21:40:55,914 - trainer - INFO -     loss           : 11089.539047475962
2020-07-12 21:40:55,914 - trainer - INFO -     kl_cost        : 11051.082301682693
2020-07-12 21:40:55,914 - trainer - INFO -     pred_cost      : 38.45673741560716
2020-07-12 21:40:55,915 - trainer - INFO -     accuracy       : 0.9488912872841445
2020-07-12 21:40:55,915 - trainer - INFO -     precision      : 0.9521342117126504
2020-07-12 21:40:55,915 - trainer - INFO -     recall         : 0.9521760617037728
2020-07-12 21:40:55,915 - trainer - INFO -     f1             : 0.9511462648030626
2020-07-12 21:40:55,915 - trainer - INFO -     val_loss       : 88242.46614583333
2020-07-12 21:40:55,915 - trainer - INFO -     val_kl_cost    : 88180.16579861111
2020-07-12 21:40:55,915 - trainer - INFO -     val_pred_cost  : 62.30044784545899
2020-07-12 21:40:55,915 - trainer - INFO -     val_accuracy   : 0.9427083333333334
2020-07-12 21:40:55,916 - trainer - INFO -     val_precision  : 0.9483412174976671
2020-07-12 21:40:55,916 - trainer - INFO -     val_recall     : 0.9508157664530678
2020-07-12 21:40:55,916 - trainer - INFO -     val_f1         : 0.9480622181516121
2020-07-12 21:42:53,867 - trainer - INFO -     epoch          : 33
2020-07-12 21:42:53,868 - trainer - INFO -     loss           : 11008.730829326923
2020-07-12 21:42:53,868 - trainer - INFO -     kl_cost        : 10969.916481370192
2020-07-12 21:42:53,868 - trainer - INFO -     pred_cost      : 38.8143867786114
2020-07-12 21:42:53,868 - trainer - INFO -     accuracy       : 0.9492052590266875
2020-07-12 21:42:53,868 - trainer - INFO -     precision      : 0.952483265825124
2020-07-12 21:42:53,868 - trainer - INFO -     recall         : 0.9522283020519176
2020-07-12 21:42:53,869 - trainer - INFO -     f1             : 0.9510122425400179
2020-07-12 21:42:53,869 - trainer - INFO -     val_loss       : 87569.265625
2020-07-12 21:42:53,869 - trainer - INFO -     val_kl_cost    : 87520.09722222222
2020-07-12 21:42:53,869 - trainer - INFO -     val_pred_cost  : 49.16830929120382
2020-07-12 21:42:53,869 - trainer - INFO -     val_accuracy   : 0.9444444444444444
2020-07-12 21:42:53,869 - trainer - INFO -     val_precision  : 0.9483698570199193
2020-07-12 21:42:53,869 - trainer - INFO -     val_recall     : 0.9489736520454353
2020-07-12 21:42:53,869 - trainer - INFO -     val_f1         : 0.948113069855203
2020-07-12 21:44:55,283 - trainer - INFO -     epoch          : 34
2020-07-12 21:44:55,284 - trainer - INFO -     loss           : 10927.735952524039
2020-07-12 21:44:55,284 - trainer - INFO -     kl_cost        : 10889.053230168269
2020-07-12 21:44:55,284 - trainer - INFO -     pred_cost      : 38.682730131882884
2020-07-12 21:44:55,284 - trainer - INFO -     accuracy       : 0.9490777080062794
2020-07-12 21:44:55,284 - trainer - INFO -     precision      : 0.9520306630404702
2020-07-12 21:44:55,284 - trainer - INFO -     recall         : 0.9521089821826897
2020-07-12 21:44:55,284 - trainer - INFO -     f1             : 0.9508250280167158
2020-07-12 21:44:55,285 - trainer - INFO -     val_loss       : 86946.83680555556
2020-07-12 21:44:55,285 - trainer - INFO -     val_kl_cost    : 86879.33680555556
2020-07-12 21:44:55,285 - trainer - INFO -     val_pred_cost  : 67.5008226500617
2020-07-12 21:44:55,285 - trainer - INFO -     val_accuracy   : 0.9418402777777778
2020-07-12 21:44:55,285 - trainer - INFO -     val_precision  : 0.9479737123904961
2020-07-12 21:44:55,285 - trainer - INFO -     val_recall     : 0.9462865982262747
2020-07-12 21:44:55,285 - trainer - INFO -     val_f1         : 0.9463724191819133
2020-07-12 21:46:56,158 - trainer - INFO -     epoch          : 35
2020-07-12 21:46:56,159 - trainer - INFO -     loss           : 10847.569290865385
2020-07-12 21:46:56,159 - trainer - INFO -     kl_cost        : 10809.146754807693
2020-07-12 21:46:56,159 - trainer - INFO -     pred_cost      : 38.42257442474365
2020-07-12 21:46:56,159 - trainer - INFO -     accuracy       : 0.9521094976452119
2020-07-12 21:46:56,159 - trainer - INFO -     precision      : 0.9556834774170834
2020-07-12 21:46:56,159 - trainer - INFO -     recall         : 0.9553749847966612
2020-07-12 21:46:56,159 - trainer - INFO -     f1             : 0.9542495192533325
2020-07-12 21:46:56,160 - trainer - INFO -     val_loss       : 86305.4765625
2020-07-12 21:46:56,160 - trainer - INFO -     val_kl_cost    : 86247.00694444444
2020-07-12 21:46:56,160 - trainer - INFO -     val_pred_cost  : 58.47048355473412
2020-07-12 21:46:56,160 - trainer - INFO -     val_accuracy   : 0.9239583333333334
2020-07-12 21:46:56,160 - trainer - INFO -     val_precision  : 0.8956234864624347
2020-07-12 21:46:56,160 - trainer - INFO -     val_recall     : 0.8972289665418063
2020-07-12 21:46:56,161 - trainer - INFO -     val_f1         : 0.8954745506497834
2020-07-12 21:48:57,423 - trainer - INFO -     epoch          : 36
2020-07-12 21:48:57,424 - trainer - INFO -     loss           : 10775.998317307693
2020-07-12 21:48:57,424 - trainer - INFO -     kl_cost        : 10730.497701322116
2020-07-12 21:48:57,424 - trainer - INFO -     pred_cost      : 45.50054798126221
2020-07-12 21:48:57,424 - trainer - INFO -     accuracy       : 0.951054748822606
2020-07-12 21:48:57,424 - trainer - INFO -     precision      : 0.9542652480328846
2020-07-12 21:48:57,424 - trainer - INFO -     recall         : 0.9544221780133622
2020-07-12 21:48:57,424 - trainer - INFO -     f1             : 0.9528959501949128
2020-07-12 21:48:57,425 - trainer - INFO -     val_loss       : 85672.17708333333
2020-07-12 21:48:57,425 - trainer - INFO -     val_kl_cost    : 85621.55034722222
2020-07-12 21:48:57,425 - trainer - INFO -     val_pred_cost  : 50.625671615203224
2020-07-12 21:48:57,425 - trainer - INFO -     val_accuracy   : 0.9409722222222222
2020-07-12 21:48:57,425 - trainer - INFO -     val_precision  : 0.947715164696045
2020-07-12 21:48:57,425 - trainer - INFO -     val_recall     : 0.9464775607364729
2020-07-12 21:48:57,425 - trainer - INFO -     val_f1         : 0.9458635522124692
2020-07-12 21:50:52,895 - trainer - INFO -     epoch          : 37
2020-07-12 21:50:52,896 - trainer - INFO -     loss           : 10689.967157451923
2020-07-12 21:50:52,896 - trainer - INFO -     kl_cost        : 10652.938912259615
2020-07-12 21:50:52,896 - trainer - INFO -     pred_cost      : 37.028244715470535
2020-07-12 21:50:52,896 - trainer - INFO -     accuracy       : 0.9523302590266876
2020-07-12 21:50:52,897 - trainer - INFO -     precision      : 0.9561596098303751
2020-07-12 21:50:52,897 - trainer - INFO -     recall         : 0.9551429484691542
2020-07-12 21:50:52,897 - trainer - INFO -     f1             : 0.954504067318401
2020-07-12 21:50:52,897 - trainer - INFO -     val_loss       : 85058.44444444444
2020-07-12 21:50:52,897 - trainer - INFO -     val_kl_cost    : 85003.06423611111
2020-07-12 21:50:52,897 - trainer - INFO -     val_pred_cost  : 55.3812916941113
2020-07-12 21:50:52,897 - trainer - INFO -     val_accuracy   : 0.9409722222222222
2020-07-12 21:50:52,897 - trainer - INFO -     val_precision  : 0.9467960152978852
2020-07-12 21:50:52,897 - trainer - INFO -     val_recall     : 0.9455057932701914
2020-07-12 21:50:52,897 - trainer - INFO -     val_f1         : 0.9445406891649681
2020-07-12 21:52:47,189 - trainer - INFO -     epoch          : 38
2020-07-12 21:52:47,190 - trainer - INFO -     loss           : 10612.926036658653
2020-07-12 21:52:47,190 - trainer - INFO -     kl_cost        : 10576.247596153846
2020-07-12 21:52:47,190 - trainer - INFO -     pred_cost      : 36.6784068767841
2020-07-12 21:52:47,190 - trainer - INFO -     accuracy       : 0.9525706436420722
2020-07-12 21:52:47,190 - trainer - INFO -     precision      : 0.955839611761781
2020-07-12 21:52:47,190 - trainer - INFO -     recall         : 0.9557564675279929
2020-07-12 21:52:47,191 - trainer - INFO -     f1             : 0.9544936291862792
2020-07-12 21:52:47,191 - trainer - INFO -     val_loss       : 84439.78472222222
2020-07-12 21:52:47,191 - trainer - INFO -     val_kl_cost    : 84391.24479166667
2020-07-12 21:52:47,191 - trainer - INFO -     val_pred_cost  : 48.539232677883575
2020-07-12 21:52:47,191 - trainer - INFO -     val_accuracy   : 0.9265625000000001
2020-07-12 21:52:47,191 - trainer - INFO -     val_precision  : 0.9067931471301862
2020-07-12 21:52:47,191 - trainer - INFO -     val_recall     : 0.9160689381525481
2020-07-12 21:52:47,192 - trainer - INFO -     val_f1         : 0.9104819538777283
2020-07-12 21:54:39,436 - trainer - INFO -     epoch          : 39
2020-07-12 21:54:39,436 - trainer - INFO -     loss           : 10537.823783052885
2020-07-12 21:54:39,436 - trainer - INFO -     kl_cost        : 10500.7107421875
2020-07-12 21:54:39,436 - trainer - INFO -     pred_cost      : 37.11304828937237
2020-07-12 21:54:39,436 - trainer - INFO -     accuracy       : 0.9519893053375196
2020-07-12 21:54:39,436 - trainer - INFO -     precision      : 0.9557715238558893
2020-07-12 21:54:39,437 - trainer - INFO -     recall         : 0.9549880348018859
2020-07-12 21:54:39,437 - trainer - INFO -     f1             : 0.9543279984038929
2020-07-12 21:54:39,437 - trainer - INFO -     val_loss       : 83847.24392361111
2020-07-12 21:54:39,437 - trainer - INFO -     val_kl_cost    : 83788.45225694444
2020-07-12 21:54:39,437 - trainer - INFO -     val_pred_cost  : 58.79257117377387
2020-07-12 21:54:39,437 - trainer - INFO -     val_accuracy   : 0.9383680555555556
2020-07-12 21:54:39,437 - trainer - INFO -     val_precision  : 0.944026708014566
2020-07-12 21:54:39,437 - trainer - INFO -     val_recall     : 0.94543646486266
2020-07-12 21:54:39,437 - trainer - INFO -     val_f1         : 0.9439813477458444
2020-07-12 21:56:28,554 - trainer - INFO -     epoch          : 40
2020-07-12 21:56:28,554 - trainer - INFO -     loss           : 10462.029176682692
2020-07-12 21:56:28,555 - trainer - INFO -     kl_cost        : 10424.727418870192
2020-07-12 21:56:28,555 - trainer - INFO -     pred_cost      : 37.30168857574463
2020-07-12 21:56:28,555 - trainer - INFO -     accuracy       : 0.9508609693877551
2020-07-12 21:56:28,555 - trainer - INFO -     precision      : 0.9546272159001162
2020-07-12 21:56:28,555 - trainer - INFO -     recall         : 0.9547093544245412
2020-07-12 21:56:28,555 - trainer - INFO -     f1             : 0.9533465200765188
2020-07-12 21:56:28,555 - trainer - INFO -     val_loss       : 83231.43315972222
2020-07-12 21:56:28,555 - trainer - INFO -     val_kl_cost    : 83181.91840277778
2020-07-12 21:56:28,555 - trainer - INFO -     val_pred_cost  : 49.51454491085477
2020-07-12 21:56:28,556 - trainer - INFO -     val_accuracy   : 0.9239583333333334
2020-07-12 21:56:28,556 - trainer - INFO -     val_precision  : 0.9071919729932026
2020-07-12 21:56:28,556 - trainer - INFO -     val_recall     : 0.9081231697525269
2020-07-12 21:56:28,556 - trainer - INFO -     val_f1         : 0.9064947794841145
2020-07-12 21:58:20,787 - trainer - INFO -     epoch          : 41
2020-07-12 21:58:20,787 - trainer - INFO -     loss           : 10387.256415264423
2020-07-12 21:58:20,788 - trainer - INFO -     kl_cost        : 10350.400751201923
2020-07-12 21:58:20,788 - trainer - INFO -     pred_cost      : 36.855679093874414
2020-07-12 21:58:20,788 - trainer - INFO -     accuracy       : 0.9530514128728415
2020-07-12 21:58:20,788 - trainer - INFO -     precision      : 0.9560020239277215
2020-07-12 21:58:20,788 - trainer - INFO -     recall         : 0.9559720705442557
2020-07-12 21:58:20,788 - trainer - INFO -     f1             : 0.9547623721663399
2020-07-12 21:58:20,790 - trainer - INFO -     val_loss       : 82630.57204861111
2020-07-12 21:58:20,790 - trainer - INFO -     val_kl_cost    : 82584.28125
2020-07-12 21:58:20,790 - trainer - INFO -     val_pred_cost  : 46.290907594892715
2020-07-12 21:58:20,790 - trainer - INFO -     val_accuracy   : 0.9435763888888888
2020-07-12 21:58:20,790 - trainer - INFO -     val_precision  : 0.9489079727084998
2020-07-12 21:58:20,790 - trainer - INFO -     val_recall     : 0.9487453523518824
2020-07-12 21:58:20,790 - trainer - INFO -     val_f1         : 0.9484527265624408
2020-07-12 22:00:14,355 - trainer - INFO -     epoch          : 42
2020-07-12 22:00:14,356 - trainer - INFO -     loss           : 10313.009119591346
2020-07-12 22:00:14,356 - trainer - INFO -     kl_cost        : 10276.115760216346
2020-07-12 22:00:14,356 - trainer - INFO -     pred_cost      : 36.893321066636304
2020-07-12 22:00:14,356 - trainer - INFO -     accuracy       : 0.9523032770800628
2020-07-12 22:00:14,356 - trainer - INFO -     precision      : 0.9548400407004023
2020-07-12 22:00:14,357 - trainer - INFO -     recall         : 0.9562869903856804
2020-07-12 22:00:14,357 - trainer - INFO -     f1             : 0.9541781772499216
2020-07-12 22:00:14,357 - trainer - INFO -     val_loss       : 82063.65277777778
2020-07-12 22:00:14,357 - trainer - INFO -     val_kl_cost    : 82007.61979166667
2020-07-12 22:00:14,357 - trainer - INFO -     val_pred_cost  : 56.03465294837952
2020-07-12 22:00:14,357 - trainer - INFO -     val_accuracy   : 0.9487847222222222
2020-07-12 22:00:14,357 - trainer - INFO -     val_precision  : 0.9534224700983379
2020-07-12 22:00:14,357 - trainer - INFO -     val_recall     : 0.9534164288264212
2020-07-12 22:00:14,357 - trainer - INFO -     val_f1         : 0.9522129350321175
2020-07-12 22:02:07,655 - trainer - INFO -     epoch          : 43
2020-07-12 22:02:07,657 - trainer - INFO -     loss           : 10241.310501802885
2020-07-12 22:02:07,657 - trainer - INFO -     kl_cost        : 10202.996574519231
2020-07-12 22:02:07,657 - trainer - INFO -     pred_cost      : 38.31394400963416
2020-07-12 22:02:07,657 - trainer - INFO -     accuracy       : 0.9526908359497644
2020-07-12 22:02:07,657 - trainer - INFO -     precision      : 0.9554528992244138
2020-07-12 22:02:07,657 - trainer - INFO -     recall         : 0.9556853810330689
2020-07-12 22:02:07,657 - trainer - INFO -     f1             : 0.9546769928956395
2020-07-12 22:02:07,657 - trainer - INFO -     val_loss       : 81478.27864583333
2020-07-12 22:02:07,657 - trainer - INFO -     val_kl_cost    : 81420.26041666667
2020-07-12 22:02:07,657 - trainer - INFO -     val_pred_cost  : 58.01929359965854
2020-07-12 22:02:07,657 - trainer - INFO -     val_accuracy   : 0.8982638888888889
2020-07-12 22:02:07,657 - trainer - INFO -     val_precision  : 0.9033207846254191
2020-07-12 22:02:07,657 - trainer - INFO -     val_recall     : 0.9033513094006386
2020-07-12 22:02:07,657 - trainer - INFO -     val_f1         : 0.9017943886328228
2020-07-12 22:04:01,252 - trainer - INFO -     epoch          : 44
2020-07-12 22:04:01,252 - trainer - INFO -     loss           : 10166.456550480769
2020-07-12 22:04:01,252 - trainer - INFO -     kl_cost        : 10130.814573317308
2020-07-12 22:04:01,252 - trainer - INFO -     pred_cost      : 35.64193316239577
2020-07-12 22:04:01,252 - trainer - INFO -     accuracy       : 0.954179748822606
2020-07-12 22:04:01,253 - trainer - INFO -     precision      : 0.956913229542024
2020-07-12 22:04:01,253 - trainer - INFO -     recall         : 0.9566122249004151
2020-07-12 22:04:01,253 - trainer - INFO -     f1             : 0.9556579440953954
2020-07-12 22:04:01,253 - trainer - INFO -     val_loss       : 80892.77951388889
2020-07-12 22:04:01,253 - trainer - INFO -     val_kl_cost    : 80841.41232638889
2020-07-12 22:04:01,253 - trainer - INFO -     val_pred_cost  : 51.366069634755455
2020-07-12 22:04:01,253 - trainer - INFO -     val_accuracy   : 0.9505208333333334
2020-07-12 22:04:01,253 - trainer - INFO -     val_precision  : 0.9543325840571745
2020-07-12 22:04:01,253 - trainer - INFO -     val_recall     : 0.9557939046891875
2020-07-12 22:04:01,253 - trainer - INFO -     val_f1         : 0.954174519610841
2020-07-12 22:05:54,546 - trainer - INFO -     epoch          : 45
2020-07-12 22:05:54,546 - trainer - INFO -     loss           : 10093.207496995192
2020-07-12 22:05:54,547 - trainer - INFO -     kl_cost        : 10058.429567307692
2020-07-12 22:05:54,547 - trainer - INFO -     pred_cost      : 34.77800341386062
2020-07-12 22:05:54,547 - trainer - INFO -     accuracy       : 0.9557152668759811
2020-07-12 22:05:54,547 - trainer - INFO -     precision      : 0.9585007219443673
2020-07-12 22:05:54,547 - trainer - INFO -     recall         : 0.9582503326640286
2020-07-12 22:05:54,547 - trainer - INFO -     f1             : 0.9573444866887716
2020-07-12 22:05:54,547 - trainer - INFO -     val_loss       : 80315.1484375
2020-07-12 22:05:54,547 - trainer - INFO -     val_kl_cost    : 80265.96701388889
2020-07-12 22:05:54,547 - trainer - INFO -     val_pred_cost  : 49.182596365610756
2020-07-12 22:05:54,548 - trainer - INFO -     val_accuracy   : 0.9435763888888888
2020-07-12 22:05:54,548 - trainer - INFO -     val_precision  : 0.9478953754402664
2020-07-12 22:05:54,548 - trainer - INFO -     val_recall     : 0.9490291315123791
2020-07-12 22:05:54,548 - trainer - INFO -     val_f1         : 0.947358755590053
2020-07-12 22:07:43,228 - trainer - INFO -     epoch          : 46
2020-07-12 22:07:43,229 - trainer - INFO -     loss           : 10021.821950120193
2020-07-12 22:07:43,229 - trainer - INFO -     kl_cost        : 9987.324263822115
2020-07-12 22:07:43,229 - trainer - INFO -     pred_cost      : 34.497699810908394
2020-07-12 22:07:43,229 - trainer - INFO -     accuracy       : 0.9535518053375196
2020-07-12 22:07:43,229 - trainer - INFO -     precision      : 0.9560727971371696
2020-07-12 22:07:43,230 - trainer - INFO -     recall         : 0.9563897644834132
2020-07-12 22:07:43,230 - trainer - INFO -     f1             : 0.9550191761921693
2020-07-12 22:07:43,230 - trainer - INFO -     val_loss       : 79760.13715277778
2020-07-12 22:07:43,230 - trainer - INFO -     val_kl_cost    : 79698.06336805556
2020-07-12 22:07:43,230 - trainer - INFO -     val_pred_cost  : 62.073538886176216
2020-07-12 22:07:43,230 - trainer - INFO -     val_accuracy   : 0.9418402777777778
2020-07-12 22:07:43,230 - trainer - INFO -     val_precision  : 0.9445406073917388
2020-07-12 22:07:43,230 - trainer - INFO -     val_recall     : 0.9445377597448493
2020-07-12 22:07:43,230 - trainer - INFO -     val_f1         : 0.9436063488074851
2020-07-12 22:09:42,996 - trainer - INFO -     epoch          : 47
2020-07-12 22:09:42,998 - trainer - INFO -     loss           : 9953.686959134615
2020-07-12 22:09:42,998 - trainer - INFO -     kl_cost        : 9916.834600360577
2020-07-12 22:09:42,999 - trainer - INFO -     pred_cost      : 36.852315066410945
2020-07-12 22:09:42,999 - trainer - INFO -     accuracy       : 0.9556220565149137
2020-07-12 22:09:42,999 - trainer - INFO -     precision      : 0.9586286625641013
2020-07-12 22:09:42,999 - trainer - INFO -     recall         : 0.9582910176133146
2020-07-12 22:09:43,000 - trainer - INFO -     f1             : 0.9575241998169058
2020-07-12 22:09:43,000 - trainer - INFO -     val_loss       : 79181.66579861111
2020-07-12 22:09:43,000 - trainer - INFO -     val_kl_cost    : 79128.71267361111
2020-07-12 22:09:43,000 - trainer - INFO -     val_pred_cost  : 52.953739908006455
2020-07-12 22:09:43,000 - trainer - INFO -     val_accuracy   : 0.9239583333333334
2020-07-12 22:09:43,000 - trainer - INFO -     val_precision  : 0.9383821708082015
2020-07-12 22:09:43,000 - trainer - INFO -     val_recall     : 0.9372930871959136
2020-07-12 22:09:43,001 - trainer - INFO -     val_f1         : 0.9321995516680447
2020-07-12 22:11:36,387 - trainer - INFO -     epoch          : 48
2020-07-12 22:11:36,388 - trainer - INFO -     loss           : 9886.885171274038
2020-07-12 22:11:36,388 - trainer - INFO -     kl_cost        : 9847.0703125
2020-07-12 22:11:36,388 - trainer - INFO -     pred_cost      : 39.81483947313749
2020-07-12 22:11:36,388 - trainer - INFO -     accuracy       : 0.9527374411302983
2020-07-12 22:11:36,388 - trainer - INFO -     precision      : 0.9552555567768963
2020-07-12 22:11:36,388 - trainer - INFO -     recall         : 0.9557624892868606
2020-07-12 22:11:36,389 - trainer - INFO -     f1             : 0.9544612478784653
2020-07-12 22:11:36,389 - trainer - INFO -     val_loss       : 78631.49045138889
2020-07-12 22:11:36,389 - trainer - INFO -     val_kl_cost    : 78578.14322916667
2020-07-12 22:11:36,389 - trainer - INFO -     val_pred_cost  : 53.348297400607
2020-07-12 22:11:36,389 - trainer - INFO -     val_accuracy   : 0.9427083333333334
2020-07-12 22:11:36,389 - trainer - INFO -     val_precision  : 0.9482441365345008
2020-07-12 22:11:36,389 - trainer - INFO -     val_recall     : 0.9472806430326925
2020-07-12 22:11:36,389 - trainer - INFO -     val_f1         : 0.9463968083448189
2020-07-12 22:13:30,182 - trainer - INFO -     epoch          : 49
2020-07-12 22:13:30,183 - trainer - INFO -     loss           : 9815.024654447116
2020-07-12 22:13:30,183 - trainer - INFO -     kl_cost        : 9778.46161358173
2020-07-12 22:13:30,183 - trainer - INFO -     pred_cost      : 36.563024872999925
2020-07-12 22:13:30,183 - trainer - INFO -     accuracy       : 0.9539393642072214
2020-07-12 22:13:30,183 - trainer - INFO -     precision      : 0.956440941719044
2020-07-12 22:13:30,183 - trainer - INFO -     recall         : 0.9556023902829792
2020-07-12 22:13:30,183 - trainer - INFO -     f1             : 0.9550874161387113
2020-07-12 22:13:30,184 - trainer - INFO -     val_loss       : 78162.89149305556
2020-07-12 22:13:30,184 - trainer - INFO -     val_kl_cost    : 78041.78819444444
2020-07-12 22:13:30,184 - trainer - INFO -     val_pred_cost  : 121.1034402317471
2020-07-12 22:13:30,184 - trainer - INFO -     val_accuracy   : 0.9435763888888888
2020-07-12 22:13:30,184 - trainer - INFO -     val_precision  : 0.9486130030680143
2020-07-12 22:13:30,184 - trainer - INFO -     val_recall     : 0.9465405975867357
2020-07-12 22:13:30,185 - trainer - INFO -     val_f1         : 0.9466128772645356
2020-07-12 22:15:19,709 - trainer - INFO -     epoch          : 50
2020-07-12 22:15:19,709 - trainer - INFO -     loss           : 9748.893885216346
2020-07-12 22:15:19,709 - trainer - INFO -     kl_cost        : 9710.717172475961
2020-07-12 22:15:19,709 - trainer - INFO -     pred_cost      : 38.176687534038834
2020-07-12 22:15:19,709 - trainer - INFO -     accuracy       : 0.9543931514913657
2020-07-12 22:15:19,709 - trainer - INFO -     precision      : 0.9572480273658633
2020-07-12 22:15:19,710 - trainer - INFO -     recall         : 0.9568104425503182
2020-07-12 22:15:19,710 - trainer - INFO -     f1             : 0.9561657907000015
2020-07-12 22:15:19,710 - trainer - INFO -     val_loss       : 77549.28125
2020-07-12 22:15:19,710 - trainer - INFO -     val_kl_cost    : 77497.20572916667
2020-07-12 22:15:19,710 - trainer - INFO -     val_pred_cost  : 52.075019497838284
2020-07-12 22:15:19,710 - trainer - INFO -     val_accuracy   : 0.9461805555555556
2020-07-12 22:15:19,710 - trainer - INFO -     val_precision  : 0.9513062723519305
2020-07-12 22:15:19,710 - trainer - INFO -     val_recall     : 0.9522392785663124
2020-07-12 22:15:19,710 - trainer - INFO -     val_f1         : 0.95112783522224
2020-07-12 22:15:20,305 - trainer - INFO - Saving checkpoint: saved\models\HAR_Bayes_CNN\0712_203855\checkpoint-epoch50.pth ...
2020-07-12 22:15:20,380 - trainer - INFO - Saving current best: model_best.pth ...
